<?xml version="1.0" encoding="UTF-8"?>
<testng-results skipped="0" failed="0" ignored="0" total="1" passed="1">
  <reporter-output>
  </reporter-output>
  <suite name="Suite" duration-ms="48" started-at="2019-08-15T01:28:44Z" finished-at="2019-08-15T01:28:44Z">
    <groups>
    </groups>
    <test name="Test" duration-ms="48" started-at="2019-08-15T01:28:44Z" finished-at="2019-08-15T01:28:44Z">
      <class name="com.att.md.MyFirstProject.Practice">
        <test-method status="PASS" signature="test()[pri:0, instance:com.att.md.MyFirstProject.Practice@7181ae3f]" name="test" duration-ms="11" started-at="2019-08-15T01:28:44Z" finished-at="2019-08-15T01:28:44Z">
          <reporter-output>
          </reporter-output>
        </test-method> <!-- test -->
      </class> <!-- com.att.md.MyFirstProject.Practice -->
    </test> <!-- Test -->
  </suite> <!-- Suite -->
</testng-results>
