<?xml version="1.0" encoding="UTF-8"?>
<testng-results skipped="0" failed="0" ignored="0" total="1" passed="1">
  <reporter-output>
  </reporter-output>
  <suite name="Default suite" duration-ms="74" started-at="2019-07-16T02:41:34Z" finished-at="2019-07-16T02:41:34Z">
    <groups>
    </groups>
    <test name="Default test" duration-ms="74" started-at="2019-07-16T02:41:34Z" finished-at="2019-07-16T02:41:34Z">
      <class name="com.att.md.MyFirstProject.Practice">
        <test-method status="PASS" signature="test()[pri:0, instance:com.att.md.MyFirstProject.Practice@7f9a81e8]" name="test" duration-ms="19" started-at="2019-07-16T02:41:34Z" finished-at="2019-07-16T02:41:34Z">
          <reporter-output>
          </reporter-output>
        </test-method> <!-- test -->
      </class> <!-- com.att.md.MyFirstProject.Practice -->
    </test> <!-- Default test -->
  </suite> <!-- Default suite -->
</testng-results>
